> Task :checkKotlinGradlePluginConfigurationErrors
> Task :compileKotlin UP-TO-DATE
> Task :compileJava NO-SOURCE
> Task :processResources UP-TO-DATE
> Task :classes UP-TO-DATE
> Task :resolveMainClassName UP-TO-DATE

> Task :bootRun

  .   ____          _            __ _ _
 /\\ / ___'_ __ _ _(_)_ __  __ _ \ \ \ \
( ( )\___ | '_ | '_| | '_ \/ _` | \ \ \ \
 \\/  ___)| |_)| | | | | || (_| |  ) ) ) )
  '  |____| .__|_| |_|_| |_\__, | / / / /
 =========|_|==============|___/=/_/_/_/

 :: Spring Boot ::                (v3.4.2)

2026-05-29T22:49:33.655-07:00  INFO 3292 --- [vibes-alpha-x-lang] [           main] c.v.alphax.VibesAlphaXLangApplicationKt  : Starting VibesAlphaXLangApplicationKt using Java 21.0.3 with PID 3292 (/home/dgg/vibe-coding-book/vibes-alpha-x-lang/build/classes/kotlin/main started by dgg in /home/dgg/vibe-coding-book/vibes-alpha-x-lang)
2026-05-29T22:49:33.657-07:00  INFO 3292 --- [vibes-alpha-x-lang] [           main] c.v.alphax.VibesAlphaXLangApplicationKt  : No active profile set, falling back to 1 default profile: "default"
2026-05-29T22:49:34.345-07:00  INFO 3292 --- [vibes-alpha-x-lang] [           main] o.s.b.w.embedded.tomcat.TomcatWebServer  : Tomcat initialized with port 8080 (http)
2026-05-29T22:49:34.360-07:00  INFO 3292 --- [vibes-alpha-x-lang] [           main] o.apache.catalina.core.StandardService   : Starting service [Tomcat]
2026-05-29T22:49:34.361-07:00  INFO 3292 --- [vibes-alpha-x-lang] [           main] o.apache.catalina.core.StandardEngine    : Starting Servlet engine: [Apache Tomcat/10.1.34]
2026-05-29T22:49:34.395-07:00  INFO 3292 --- [vibes-alpha-x-lang] [           main] o.a.c.c.C.[Tomcat].[localhost].[/]       : Initializing Spring embedded WebApplicationContext
2026-05-29T22:49:34.396-07:00  INFO 3292 --- [vibes-alpha-x-lang] [           main] w.s.c.ServletWebServerApplicationContext : Root WebApplicationContext: initialization completed in 684 ms
2026-05-29T22:49:34.690-07:00  INFO 3292 --- [vibes-alpha-x-lang] [           main] o.s.b.w.embedded.tomcat.TomcatWebServer  : Tomcat started on port 8080 (http) with context path '/'
2026-05-29T22:49:34.695-07:00  INFO 3292 --- [vibes-alpha-x-lang] [           main] c.v.alphax.VibesAlphaXLangApplicationKt  : Started VibesAlphaXLangApplicationKt in 1.303 seconds (process running for 1.569)
2026-05-29T22:50:19.131-07:00  INFO 3292 --- [vibes-alpha-x-lang] [nio-8080-exec-1] o.a.c.c.C.[Tomcat].[localhost].[/]       : Initializing Spring DispatcherServlet 'dispatcherServlet'
2026-05-29T22:50:19.131-07:00  INFO 3292 --- [vibes-alpha-x-lang] [nio-8080-exec-1] o.s.web.servlet.DispatcherServlet        : Initializing Servlet 'dispatcherServlet'
2026-05-29T22:50:19.132-07:00  INFO 3292 --- [vibes-alpha-x-lang] [nio-8080-exec-1] o.s.web.servlet.DispatcherServlet        : Completed initialization in 1 ms
> Task :bootRun FAILED

[Incubating] Problems report is available at: file:///home/dgg/vibe-coding-book/vibes-alpha-x-lang/build/reports/problems/problems-report.html

FAILURE: Build failed with an exception.

* What went wrong:
Execution failed for task ':bootRun' (registered by plugin 'org.springframework.boot').
> Process 'command '/home/dgg/.sdkman/candidates/java/21.0.3-tem/bin/java'' finished with non-zero exit value 137 (this value may indicate that the process was terminated with the SIGKILL signal, which is often caused by the system running out of memory)

* Try:
> Run with --stacktrace option to get the stack trace.
> Run with --info or --debug option to get more log output.
> Run with --scan to get full insights from a Build Scan (powered by Develocity).
> Get more help at https://help.gradle.org.

Deprecated Gradle features were used in this build, making it incompatible with Gradle 10.

You can use '--warning-mode all' to show the individual deprecation warnings and determine if they come from your own scripts or plugins.

For more on this, please refer to https://docs.gradle.org/9.5.1/userguide/command_line_interface.html#sec:command_line_warnings in the Gradle documentation.

BUILD FAILED in 1m 58s
5 actionable tasks: 2 executed, 3 up-to-date
